<?xml version="1.0" encoding="UTF-8"?>
<testng-results ignored="0" total="1" passed="1" failed="0" skipped="0">
  <reporter-output>
  </reporter-output>
  <suite started-at="2026-08-31T22:49:56 IST" name="Master Suite" finished-at="2026-08-31T22:50:26 IST" duration-ms="29615">
    <groups>
    </groups>
    <test started-at="2026-08-31T22:49:56 IST" name="Test" finished-at="2026-08-31T22:50:26 IST" duration-ms="29615">
      <class name="TestCases.TC_001LogIn_Functionality_Test">
        <test-method is-config="true" signature="Setup()[pri:0, instance:TestCases.TC_001LogIn_Functionality_Test@5ba88be8]" started-at="2026-08-31T22:49:56 IST" name="Setup" finished-at="2026-08-31T22:50:13 IST" duration-ms="16757" status="PASS">
          <reporter-output>
          </reporter-output>
        </test-method> <!-- Setup -->
        <test-method signature="TestLogIn()[pri:0, instance:TestCases.TC_001LogIn_Functionality_Test@5ba88be8]" started-at="2026-08-31T22:50:13 IST" name="TestLogIn" finished-at="2026-08-31T22:50:25 IST" duration-ms="11470" status="PASS">
          <reporter-output>
          </reporter-output>
        </test-method> <!-- TestLogIn -->
        <test-method is-config="true" signature="TearDown()[pri:0, instance:TestCases.TC_001LogIn_Functionality_Test@5ba88be8]" started-at="2026-08-31T22:50:25 IST" name="TearDown" finished-at="2026-08-31T22:50:26 IST" duration-ms="1016" status="PASS">
          <reporter-output>
          </reporter-output>
        </test-method> <!-- TearDown -->
      </class> <!-- TestCases.TC_001LogIn_Functionality_Test -->
    </test> <!-- Test -->
  </suite> <!-- Master Suite -->
</testng-results>
