<?xml version="1.0" encoding="UTF-8"?>
<testng-results ignored="0" total="1" passed="1" failed="0" skipped="0">
  <reporter-output>
  </reporter-output>
  <suite started-at="2026-08-27T21:23:10 IST" name="Master Suite" finished-at="2026-08-27T21:23:50 IST" duration-ms="39719">
    <groups>
    </groups>
    <test started-at="2026-08-27T21:23:10 IST" name="Test" finished-at="2026-08-27T21:23:50 IST" duration-ms="39719">
      <class name="TestCases.TC_001LogIn_Functionality_Test">
        <test-method is-config="true" signature="Setup()[pri:0, instance:TestCases.TC_001LogIn_Functionality_Test@1a6c1270]" started-at="2026-08-27T21:23:10 IST" name="Setup" finished-at="2026-08-27T21:23:36 IST" duration-ms="25408" status="PASS">
          <reporter-output>
          </reporter-output>
        </test-method> <!-- Setup -->
        <test-method signature="TestLogIn()[pri:0, instance:TestCases.TC_001LogIn_Functionality_Test@1a6c1270]" started-at="2026-08-27T21:23:36 IST" name="TestLogIn" finished-at="2026-08-27T21:23:49 IST" duration-ms="13375" status="PASS">
          <reporter-output>
          </reporter-output>
        </test-method> <!-- TestLogIn -->
        <test-method is-config="true" signature="TearDown()[pri:0, instance:TestCases.TC_001LogIn_Functionality_Test@1a6c1270]" started-at="2026-08-27T21:23:49 IST" name="TearDown" finished-at="2026-08-27T21:23:50 IST" duration-ms="467" status="PASS">
          <reporter-output>
          </reporter-output>
        </test-method> <!-- TearDown -->
      </class> <!-- TestCases.TC_001LogIn_Functionality_Test -->
    </test> <!-- Test -->
  </suite> <!-- Master Suite -->
</testng-results>
